{
  "RSpec": {
    "coverage": {
      "/Users/bj/www/portfolio2020/ruby/ror/library_api/app/models/user.rb": {
        "lines": [
          1,
          1,
          null,
          1,
          null,
          null,
          1,
          null,
          null,
          null,
          1,
          1,
          null
        ]
      },
      "/Users/bj/www/portfolio2020/ruby/ror/library_api/app/models/application_record.rb": {
        "lines": [
          1,
          1,
          null
        ]
      },
      "/Users/bj/www/portfolio2020/ruby/ror/library_api/app/models/concerns/graph_ql/interface.rb": {
        "lines": [
          null,
          null,
          null,
          1,
          1,
          1,
          2,
          2,
          null,
          null,
          1,
          1,
          18,
          null,
          null,
          null,
          1,
          1,
          2,
          null,
          1,
          null,
          null,
          1,
          1,
          1,
          null,
          null,
          1,
          null,
          null,
          null,
          null
        ]
      },
      "/Users/bj/www/portfolio2020/ruby/ror/library_api/app/graphql/mutations/base_mutation.rb": {
        "lines": [
          null,
          null,
          1,
          null,
          1,
          1,
          null,
          1,
          33,
          null,
          15,
          null,
          7,
          null,
          null,
          1,
          null,
          1,
          33,
          null,
          33,
          33,
          null,
          32,
          32,
          null,
          32,
          32,
          null,
          32,
          null,
          null,
          null
        ]
      },
      "/Users/bj/www/portfolio2020/ruby/ror/library_api/app/graphql/resolvers/base.rb": {
        "lines": [
          null,
          null,
          1,
          1,
          1,
          null,
          1,
          26,
          2,
          2,
          null,
          null,
          24,
          1,
          1,
          null,
          null,
          23,
          null,
          1,
          null,
          null,
          null
        ]
      },
      "/Users/bj/www/portfolio2020/ruby/ror/library_api/app/graphql/types/user_type.rb": {
        "lines": [
          1,
          1,
          1,
          1,
          1,
          1,
          null,
          1,
          1,
          3,
          2,
          null,
          null,
          1,
          11,
          null,
          null,
          null
        ]
      },
      "/Users/bj/www/portfolio2020/ruby/ror/library_api/app/graphql/types/base_object.rb": {
        "lines": [
          1,
          1,
          1,
          null,
          null
        ]
      },
      "/Users/bj/www/portfolio2020/ruby/ror/library_api/app/graphql/types/base_field.rb": {
        "lines": [
          1,
          1,
          1,
          null,
          null
        ]
      },
      "/Users/bj/www/portfolio2020/ruby/ror/library_api/app/graphql/types/base_argument.rb": {
        "lines": [
          1,
          1,
          null,
          null
        ]
      },
      "/Users/bj/www/portfolio2020/ruby/ror/library_api/app/models/ability.rb": {
        "lines": [
          null,
          null,
          1,
          1,
          null,
          1,
          72,
          72,
          21,
          null,
          51,
          null,
          null,
          null,
          null,
          null,
          null,
          null,
          null,
          null,
          null,
          null,
          null,
          null,
          null,
          null,
          null,
          null,
          null,
          null,
          null,
          null,
          null
        ]
      },
      "/Users/bj/www/portfolio2020/ruby/ror/library_api/app/models/author_book.rb": {
        "lines": [
          1,
          1,
          1,
          null,
          1,
          null
        ]
      },
      "/Users/bj/www/portfolio2020/ruby/ror/library_api/app/models/author.rb": {
        "lines": [
          1,
          1,
          1,
          null,
          1,
          1,
          null,
          1,
          7,
          null,
          null
        ]
      },
      "/Users/bj/www/portfolio2020/ruby/ror/library_api/app/models/book.rb": {
        "lines": [
          1,
          1,
          null,
          1,
          1,
          null,
          1,
          null
        ]
      },
      "/Users/bj/www/portfolio2020/ruby/ror/library_api/app/models/category.rb": {
        "lines": [
          1,
          1,
          null,
          1,
          null
        ]
      },
      "/Users/bj/www/portfolio2020/ruby/ror/library_api/app/graphql/library_api_schema.rb": {
        "lines": [
          1,
          1,
          1,
          null,
          null,
          1,
          1,
          null,
          null,
          1,
          null,
          null,
          1,
          null,
          1,
          5,
          null,
          null
        ]
      },
      "/Users/bj/www/portfolio2020/ruby/ror/library_api/app/graphql/types/mutation_type.rb": {
        "lines": [
          1,
          1,
          null,
          1,
          1,
          1,
          null,
          null,
          1,
          1,
          1,
          null,
          null,
          1,
          1,
          null,
          null
        ]
      },
      "/Users/bj/www/portfolio2020/ruby/ror/library_api/app/graphql/mutations/authors/create_author.rb": {
        "lines": [
          1,
          1,
          1,
          null,
          null,
          1,
          null,
          1,
          5,
          1,
          null,
          null,
          null
        ]
      },
      "/Users/bj/www/portfolio2020/ruby/ror/library_api/app/graphql/types/author_input_type.rb": {
        "lines": [
          1,
          1,
          1,
          1,
          null,
          1,
          1,
          1,
          1,
          1,
          null,
          null,
          null,
          null,
          null,
          null,
          null,
          null,
          null,
          null,
          null,
          null,
          null,
          null,
          null,
          null,
          null,
          null,
          null,
          null,
          null
        ]
      },
      "/Users/bj/www/portfolio2020/ruby/ror/library_api/app/graphql/types/author_type.rb": {
        "lines": [
          1,
          1,
          1,
          null,
          null,
          1,
          null,
          null,
          1,
          1,
          1,
          1,
          1,
          1,
          1,
          null,
          null
        ]
      },
      "/Users/bj/www/portfolio2020/ruby/ror/library_api/app/graphql/types/book_type.rb": {
        "lines": [
          1,
          1,
          1,
          null,
          null,
          1,
          1,
          null,
          null,
          1,
          1,
          1,
          null,
          null
        ]
      },
      "/Users/bj/www/portfolio2020/ruby/ror/library_api/app/graphql/types/category_type.rb": {
        "lines": [
          1,
          1,
          1,
          null,
          null,
          1,
          null,
          null,
          1,
          1,
          null,
          null
        ]
      },
      "/Users/bj/www/portfolio2020/ruby/ror/library_api/app/graphql/mutations/authors/update_author.rb": {
        "lines": [
          1,
          1,
          1,
          1,
          null,
          null,
          1,
          null,
          1,
          5,
          1,
          1,
          null,
          null,
          null,
          null,
          null,
          null,
          null,
          null
        ]
      },
      "/Users/bj/www/portfolio2020/ruby/ror/library_api/app/graphql/mutations/authors/delete_author.rb": {
        "lines": [
          1,
          1,
          1,
          null,
          null,
          1,
          null,
          1,
          5,
          1,
          null,
          null,
          null
        ]
      },
      "/Users/bj/www/portfolio2020/ruby/ror/library_api/app/graphql/mutations/books/create_book.rb": {
        "lines": [
          null,
          null,
          1,
          null,
          1,
          1,
          null,
          null,
          1,
          null,
          1,
          4,
          1,
          1,
          1,
          null,
          null,
          1,
          3,
          3,
          null,
          null,
          null,
          null,
          null,
          null,
          null
        ]
      },
      "/Users/bj/www/portfolio2020/ruby/ror/library_api/app/graphql/types/book_input_type.rb": {
        "lines": [
          1,
          1,
          1,
          1,
          null,
          1,
          1,
          1,
          1,
          null,
          null
        ]
      },
      "/Users/bj/www/portfolio2020/ruby/ror/library_api/app/graphql/mutations/books/update_book.rb": {
        "lines": [
          1,
          1,
          1,
          1,
          null,
          null,
          1,
          null,
          1,
          5,
          1,
          1,
          null,
          null,
          null,
          null
        ]
      },
      "/Users/bj/www/portfolio2020/ruby/ror/library_api/app/graphql/mutations/books/delete_book.rb": {
        "lines": [
          1,
          1,
          1,
          null,
          null,
          1,
          null,
          1,
          5,
          1,
          null,
          null,
          null
        ]
      },
      "/Users/bj/www/portfolio2020/ruby/ror/library_api/app/graphql/mutations/users/sign_in.rb": {
        "lines": [
          null,
          null,
          1,
          1,
          null,
          1,
          1,
          null,
          1,
          1,
          null,
          1,
          null,
          1,
          2,
          1,
          1,
          null,
          null,
          1,
          null,
          1,
          2,
          null,
          2,
          null,
          2,
          1,
          1,
          null,
          null,
          1,
          1,
          null,
          1,
          null,
          null,
          null,
          null
        ]
      },
      "/Users/bj/www/portfolio2020/ruby/ror/library_api/app/graphql/mutations/users/sign_out.rb": {
        "lines": [
          null,
          null,
          1,
          1,
          null,
          1,
          1,
          null,
          1,
          null,
          1,
          1,
          1,
          null,
          null,
          null,
          null
        ]
      },
      "/Users/bj/www/portfolio2020/ruby/ror/library_api/app/graphql/types/query_type.rb": {
        "lines": [
          1,
          1,
          null,
          1,
          1,
          null,
          null,
          1,
          1,
          null,
          null,
          1,
          1,
          null,
          null,
          1,
          1,
          null,
          null
        ]
      },
      "/Users/bj/www/portfolio2020/ruby/ror/library_api/app/graphql/resolvers/authors/authors.rb": {
        "lines": [
          1,
          1,
          null,
          1,
          1,
          null,
          1,
          null,
          null,
          1,
          3,
          3,
          null,
          null,
          1,
          null,
          null,
          1,
          1,
          1,
          1,
          1,
          1,
          1,
          null,
          null,
          1,
          null,
          null,
          1,
          null,
          null,
          1,
          1,
          1,
          null,
          null,
          1,
          1,
          1,
          1,
          1,
          1,
          null,
          null,
          null,
          null,
          null,
          1,
          null,
          1,
          1,
          null,
          1,
          null,
          null,
          null,
          1,
          1,
          null,
          1,
          1,
          null,
          null,
          1,
          1,
          null,
          null,
          null
        ]
      },
      "/Users/bj/www/portfolio2020/ruby/ror/library_api/app/graphql/types/base_input_object.rb": {
        "lines": [
          1,
          1,
          1,
          null,
          null
        ]
      },
      "/Users/bj/www/portfolio2020/ruby/ror/library_api/app/graphql/resolvers/authors/author.rb": {
        "lines": [
          1,
          1,
          1,
          null,
          1,
          null,
          1,
          null,
          1,
          2,
          2,
          null,
          null,
          null
        ]
      },
      "/Users/bj/www/portfolio2020/ruby/ror/library_api/app/graphql/resolvers/books/books.rb": {
        "lines": [
          1,
          1,
          null,
          1,
          1,
          null,
          1,
          null,
          1,
          null,
          null,
          1,
          3,
          3,
          null,
          null,
          null,
          1,
          1,
          1,
          1,
          1,
          1,
          1,
          null,
          null,
          1,
          null,
          null,
          1,
          null,
          null,
          1,
          1,
          1,
          null,
          null,
          1,
          1,
          1,
          null,
          null,
          null,
          null,
          null,
          1,
          null,
          1,
          1,
          null,
          null,
          1,
          1,
          null,
          1,
          null,
          null,
          null,
          1,
          1,
          null,
          1,
          1,
          null,
          null,
          1,
          1,
          null,
          null,
          null
        ]
      },
      "/Users/bj/www/portfolio2020/ruby/ror/library_api/app/graphql/resolvers/books/book.rb": {
        "lines": [
          1,
          1,
          1,
          null,
          1,
          null,
          1,
          null,
          1,
          2,
          2,
          null,
          null,
          null
        ]
      },
      "/Users/bj/www/portfolio2020/ruby/ror/library_api/app/graphql/resolvers/categories/categories.rb": {
        "lines": [
          1,
          1,
          1,
          null,
          1,
          null,
          1,
          1,
          1,
          null,
          null,
          null
        ]
      },
      "/Users/bj/www/portfolio2020/ruby/ror/library_api/app/graphql/resolvers/categories/category.rb": {
        "lines": [
          1,
          1,
          1,
          null,
          1,
          null,
          1,
          null,
          1,
          3,
          3,
          null,
          null,
          null
        ]
      },
      "/Users/bj/www/portfolio2020/ruby/ror/library_api/app/graphql/resolvers/users/users.rb": {
        "lines": [
          1,
          1,
          null,
          1,
          1,
          null,
          1,
          null,
          null,
          1,
          3,
          3,
          null,
          null,
          1,
          null,
          null,
          1,
          1,
          1,
          1,
          null,
          null,
          1,
          null,
          null,
          1,
          null,
          null,
          1,
          1,
          1,
          null,
          null,
          1,
          1,
          null,
          null,
          null,
          null,
          1,
          1,
          null,
          1,
          1,
          null,
          1,
          null,
          null,
          null,
          1,
          1,
          null,
          1,
          1,
          null,
          null,
          1,
          1,
          null,
          null,
          null
        ]
      },
      "/Users/bj/www/portfolio2020/ruby/ror/library_api/app/graphql/resolvers/users/user.rb": {
        "lines": [
          1,
          1,
          null,
          1,
          1,
          null,
          1,
          null,
          1,
          null,
          null,
          1,
          5,
          4,
          null,
          null,
          1,
          null,
          null,
          1,
          null,
          null,
          1,
          4,
          4,
          null,
          null,
          null
        ]
      }
    },
    "timestamp": 1593736589
  }
}
